2023-07-13 17:00:15,752 p=2789 u=ec2-user n=ansible | [WARNING]:  * Failed to parse /home/ec2-user/inv.yml with auto plugin: We were unable to read either as
JSON nor YAML, these are the errors we got from each: JSON: Expecting value: line 1 column 2 (char 1)
Syntax Error while loading YAML.   did not find expected <document start>  The error appears to be in
'/home/ec2-user/inv.yml': line 3, column 1, but may be elsewhere in the file depending on the exact syntax
problem.  The offending line appears to be:   3.142.84.93 ^ here

2023-07-13 17:00:15,753 p=2789 u=ec2-user n=ansible | [WARNING]:  * Failed to parse /home/ec2-user/inv.yml with yaml plugin: We were unable to read either as
JSON nor YAML, these are the errors we got from each: JSON: Expecting value: line 1 column 2 (char 1)
Syntax Error while loading YAML.   did not find expected <document start>  The error appears to be in
'/home/ec2-user/inv.yml': line 3, column 1, but may be elsewhere in the file depending on the exact syntax
problem.  The offending line appears to be:   3.142.84.93 ^ here

2023-07-13 17:00:15,753 p=2789 u=ec2-user n=ansible | [WARNING]:  * Failed to parse /home/ec2-user/inv.yml with ini plugin: /home/ec2-user/inv.yml:9: Section
[children:devqa] has unknown type: devqa

2023-07-13 17:00:15,753 p=2789 u=ec2-user n=ansible | [WARNING]: Unable to parse /home/ec2-user/inv.yml as an inventory source

2023-07-13 17:00:15,753 p=2789 u=ec2-user n=ansible | [WARNING]: No inventory was parsed, only implicit localhost is available

2023-07-13 17:00:16,594 p=2789 u=ec2-user n=ansible | 3.142.84.93 | UNREACHABLE! => {
    "changed": false,
    "msg": "Failed to connect to the host via ssh: Warning: Permanently added '3.142.84.93' (ECDSA) to the list of known hosts.\r\nPermission denied (publickey,gssapi-keyex,gssapi-with-mic).",
    "unreachable": true
}
2023-07-13 17:05:12,936 p=2829 u=ec2-user n=ansible | 3.142.84.93 | SUCCESS => {
    "ansible_facts": {
        "discovered_interpreter_python": "/usr/bin/python"
    },
    "changed": false,
    "ping": "pong"
}
2023-07-13 17:05:44,133 p=2851 u=ec2-user n=ansible | 3.142.84.93 | SUCCESS => {
    "ansible_facts": {
        "discovered_interpreter_python": "/usr/bin/python"
    },
    "changed": false,
    "ping": "pong"
}
2023-07-13 17:05:44,140 p=2851 u=ec2-user n=ansible | 3.136.83.181 | SUCCESS => {
    "ansible_facts": {
        "discovered_interpreter_python": "/usr/bin/python"
    },
    "changed": false,
    "ping": "pong"
}
2023-07-13 17:35:22,586 p=3000 u=ec2-user n=ansible | 3.136.83.181 | SUCCESS => {
    "ansible_facts": {
        "discovered_interpreter_python": "/usr/bin/python"
    },
    "changed": false,
    "ping": "pong"
}
2023-07-13 17:35:43,721 p=3021 u=ec2-user n=ansible | 3.142.84.93 | SUCCESS => {
    "ansible_facts": {
        "discovered_interpreter_python": "/usr/bin/python"
    },
    "changed": false,
    "ping": "pong"
}
2023-07-13 17:35:58,588 p=3042 u=ec2-user n=ansible | 3.136.83.181 | SUCCESS => {
    "ansible_facts": {
        "discovered_interpreter_python": "/usr/bin/python"
    },
    "changed": false,
    "ping": "pong"
}
2023-07-13 17:35:58,663 p=3042 u=ec2-user n=ansible | 3.142.84.93 | SUCCESS => {
    "ansible_facts": {
        "discovered_interpreter_python": "/usr/bin/python"
    },
    "changed": false,
    "ping": "pong"
}
2023-07-13 17:36:33,344 p=3073 u=ec2-user n=ansible | [WARNING]: Could not match supplied host pattern, ignoring: webserver

2023-07-13 17:36:33,344 p=3073 u=ec2-user n=ansible | [WARNING]: No hosts matched, nothing to do

2023-07-13 17:53:07,323 p=3167 u=ec2-user n=ansible | 3.136.83.181 | CHANGED | rc=0 >>
Thu Jul 13 17:53:07 UTC 2023

2023-07-13 17:53:07,353 p=3167 u=ec2-user n=ansible | 3.142.84.93 | CHANGED | rc=0 >>
Thu Jul 13 17:53:07 UTC 2023

2023-07-13 17:53:36,944 p=3204 u=ec2-user n=ansible | 3.142.84.93 | CHANGED | rc=0 >>
              total        used        free      shared  buff/cache   available
Mem:           1942         103        1634           0         204        1694
Swap:             0           0           0

2023-07-13 17:53:36,979 p=3204 u=ec2-user n=ansible | 3.136.83.181 | CHANGED | rc=0 >>
              total        used        free      shared  buff/cache   available
Mem:            944         101         638           0         204         702
Swap:             0           0           0

2023-07-13 17:55:41,658 p=3240 u=ec2-user n=ansible | 3.136.83.181 | CHANGED | rc=0 >>
2

2023-07-13 17:55:41,716 p=3240 u=ec2-user n=ansible | 3.142.84.93 | CHANGED | rc=0 >>
2

2023-07-13 17:56:03,090 p=3276 u=ec2-user n=ansible | 3.136.83.181 | CHANGED | rc=0 >>
ip-172-31-17-255.us-east-2.compute.internal

2023-07-13 17:56:03,319 p=3276 u=ec2-user n=ansible | 3.142.84.93 | CHANGED | rc=0 >>
ip-172-31-21-140.us-east-2.compute.internal

2023-07-13 17:56:36,270 p=3307 u=ec2-user n=ansible | 3.142.84.93 | CHANGED | rc=0 >>
ip-172-31-21-140.us-east-2.compute.internal

2023-07-13 17:57:55,871 p=3326 u=ec2-user n=ansible | [WARNING]: Could not match supplied host pattern, ignoring: ls.142.84.93

2023-07-13 17:57:55,871 p=3326 u=ec2-user n=ansible | ERROR! Specified hosts and/or --limit does not match any hosts
2023-07-13 17:58:55,096 p=3333 u=ec2-user n=ansible | 3.136.83.181 | CHANGED | rc=0 >>
ip-172-31-17-255.us-east-2.compute.internal

2023-07-13 17:58:55,132 p=3333 u=ec2-user n=ansible | 3.142.84.93 | CHANGED | rc=0 >>
ip-172-31-21-140.us-east-2.compute.internal

2023-07-13 17:59:47,551 p=3372 u=ec2-user n=ansible | 3.142.84.93 | CHANGED | rc=0 >>
ip-172-31-21-140.us-east-2.compute.internal

2023-07-13 18:00:40,792 p=3401 u=ec2-user n=ansible | 3.136.83.181 | CHANGED | rc=0 >>
ip-172-31-17-255.us-east-2.compute.internal

2023-07-13 18:01:57,698 p=3440 u=ec2-user n=ansible | 3.136.83.181 | CHANGED | rc=0 >>
Thu Jul 13 18:01:57 UTC 2023

2023-07-13 18:01:57,712 p=3440 u=ec2-user n=ansible | 3.142.84.93 | CHANGED | rc=0 >>
Thu Jul 13 18:01:57 UTC 2023

2023-07-13 18:08:03,164 p=3545 u=ec2-user n=ansible | 3.142.84.93 | CHANGED => {
    "ansible_facts": {
        "discovered_interpreter_python": "/usr/bin/python"
    },
    "changed": true,
    "dest": "/home/ec2-user/test",
    "gid": 1000,
    "group": "ec2-user",
    "mode": "0664",
    "owner": "ec2-user",
    "size": 0,
    "state": "file",
    "uid": 1000
}
2023-07-13 18:12:02,822 p=3579 u=ec2-user n=ansible | 3.136.83.181 | CHANGED => {
    "ansible_facts": {
        "discovered_interpreter_python": "/usr/bin/python"
    },
    "changed": true,
    "gid": 1000,
    "group": "ec2-user",
    "mode": "0775",
    "owner": "ec2-user",
    "path": "/home/ec2-user/test",
    "size": 6,
    "state": "directory",
    "uid": 1000
}
2023-07-13 19:44:07,259 p=4048 u=ec2-user n=ansible | [WARNING]: While constructing a mapping from /home/ec2-user/play.yml, line 6, column 7, found a duplicate
dict key (name). Using last defined value only.

2023-07-13 19:44:07,263 p=4048 u=ec2-user n=ansible | ERROR! conflicting action statements: user, comment

The error appears to be in '/home/ec2-user/play.yml': line 6, column 7, but may
be elsewhere in the file depending on the exact syntax problem.

The offending line appears to be:

  tasks:
    - name: Creating user
      ^ here

2023-07-13 19:51:33,790 p=4074 u=ec2-user n=ansible | [WARNING]: While constructing a mapping from /home/ec2-user/play.yml, line 6, column 7, found a duplicate
dict key (name). Using last defined value only.

2023-07-13 19:51:33,795 p=4074 u=ec2-user n=ansible | ERROR! conflicting action statements: user, comment

The error appears to be in '/home/ec2-user/play.yml': line 6, column 7, but may
be elsewhere in the file depending on the exact syntax problem.

The offending line appears to be:

  tasks:
    - name: Creating user
      ^ here

2023-07-13 19:54:26,314 p=4079 u=ec2-user n=ansible | [WARNING]: While constructing a mapping from /home/ec2-user/play.yml, line 6, column 7, found a duplicate
dict key (name). Using last defined value only.

2023-07-13 19:54:26,318 p=4079 u=ec2-user n=ansible | ERROR! conflicting action statements: user, comment

The error appears to be in '/home/ec2-user/play.yml': line 6, column 7, but may
be elsewhere in the file depending on the exact syntax problem.

The offending line appears to be:

  tasks:
    - name: Creating user
      ^ here

2023-07-13 19:56:57,323 p=4138 u=ec2-user n=ansible | ERROR! We were unable to read either as JSON nor YAML, these are the errors we got from each:
JSON: Expecting value: line 1 column 1 (char 0)

Syntax Error while loading YAML.
  mapping values are not allowed in this context

The error appears to be in '/home/ec2-user/play.yml': line 6, column 11, but may
be elsewhere in the file depending on the exact syntax problem.

The offending line appears to be:


    - name: Creating user
          ^ here

2023-07-13 19:59:41,244 p=4147 u=ec2-user n=ansible | [WARNING]: While constructing a mapping from /home/ec2-user/play.yml, line 6, column 7, found a duplicate
dict key (name). Using last defined value only.

2023-07-13 19:59:41,245 p=4147 u=ec2-user n=ansible | ERROR! 'task' is not a valid attribute for a Play

The error appears to be in '/home/ec2-user/play.yml': line 2, column 3, but may
be elsewhere in the file depending on the exact syntax problem.

The offending line appears to be:

---
- hosts: devserver
  ^ here

2023-07-13 20:00:52,364 p=4160 u=ec2-user n=ansible | [WARNING]: While constructing a mapping from /home/ec2-user/play.yml, line 6, column 7, found a duplicate
dict key (name). Using last defined value only.

2023-07-13 20:00:52,367 p=4160 u=ec2-user n=ansible | ERROR! 'task' is not a valid attribute for a Play

The error appears to be in '/home/ec2-user/play.yml': line 2, column 3, but may
be elsewhere in the file depending on the exact syntax problem.

The offending line appears to be:

---
- hosts: devserver
  ^ here

2023-07-13 20:06:16,056 p=4207 u=ec2-user n=ansible | [WARNING]: While constructing a mapping from /home/ec2-user/play.yml, line 6, column 7, found a duplicate
dict key (name). Using last defined value only.

2023-07-13 20:06:16,068 p=4207 u=ec2-user n=ansible | ERROR! conflicting action statements: user, comment

The error appears to be in '/home/ec2-user/play.yml': line 6, column 7, but may
be elsewhere in the file depending on the exact syntax problem.

The offending line appears to be:

  tasks:
    - name: Creating user
      ^ here

2023-07-13 20:14:05,780 p=4277 u=ec2-user n=ansible | [WARNING]: While constructing a mapping from /home/ec2-user/play.yml, line 6, column 7, found a duplicate
dict key (name). Using last defined value only.

2023-07-13 20:14:05,789 p=4277 u=ec2-user n=ansible | ERROR! conflicting action statements: user, comment

The error appears to be in '/home/ec2-user/play.yml': line 6, column 7, but may
be elsewhere in the file depending on the exact syntax problem.

The offending line appears to be:

  tasks:
    - name: Creating user
      ^ here

2023-07-13 20:19:31,813 p=4290 u=ec2-user n=ansible | [WARNING]: Could not match supplied host pattern, ignoring: your_hosts

2023-07-13 20:19:31,813 p=4290 u=ec2-user n=ansible | playbook: play.yml
2023-07-13 20:27:46,494 p=4384 u=ec2-user n=ansible | playbook: play.yml
2023-07-13 20:30:55,262 p=4429 u=ec2-user n=ansible | PLAY [devserver] ******************************************************************************************
2023-07-13 20:30:55,281 p=4429 u=ec2-user n=ansible | TASK [Gathering Facts] ************************************************************************************
2023-07-13 20:30:58,448 p=4429 u=ec2-user n=ansible | ok: [3.136.83.181]
2023-07-13 20:30:58,468 p=4429 u=ec2-user n=ansible | TASK [Creating user] **************************************************************************************
2023-07-13 20:30:59,404 p=4429 u=ec2-user n=ansible | changed: [3.136.83.181]
2023-07-13 20:30:59,425 p=4429 u=ec2-user n=ansible | PLAY RECAP ************************************************************************************************
2023-07-13 20:30:59,425 p=4429 u=ec2-user n=ansible | 3.136.83.181               : ok=2    changed=1    unreachable=0    failed=0    skipped=0    rescued=0    ignored=0   
2023-07-13 20:48:12,732 p=4627 u=ec2-user n=ansible | 3.142.84.93 | SUCCESS => {
    "ansible_facts": {
        "ansible_all_ipv4_addresses": [
            "172.31.21.140"
        ],
        "ansible_all_ipv6_addresses": [
            "fe80::4e0:99ff:fe45:381d"
        ],
        "ansible_apparmor": {
            "status": "disabled"
        },
        "ansible_architecture": "x86_64",
        "ansible_bios_date": "10/16/2017",
        "ansible_bios_vendor": "Amazon EC2",
        "ansible_bios_version": "1.0",
        "ansible_board_asset_tag": "i-07d0aeb6159220986",
        "ansible_board_name": "NA",
        "ansible_board_serial": "NA",
        "ansible_board_vendor": "Amazon EC2",
        "ansible_board_version": "NA",
        "ansible_chassis_asset_tag": "Amazon EC2",
        "ansible_chassis_serial": "NA",
        "ansible_chassis_vendor": "Amazon EC2",
        "ansible_chassis_version": "NA",
        "ansible_cmdline": {
            "BOOT_IMAGE": "/boot/vmlinuz-4.14.318-241.531.amzn2.x86_64",
            "biosdevname": "0",
            "console": "ttyS0,115200n8",
            "net.ifnames": "0",
            "nvme_core.io_timeout": "4294967295",
            "rd.emergency": "poweroff",
            "rd.shell": "0",
            "ro": true,
            "root": "UUID=40b6c2d6-8611-474a-954d-7197978e8bca"
        },
        "ansible_date_time": {
            "date": "2023-07-13",
            "day": "13",
            "epoch": "1689281292",
            "hour": "20",
            "iso8601": "2023-07-13T20:48:12Z",
            "iso8601_basic": "20230713T204812678158",
            "iso8601_basic_short": "20230713T204812",
            "iso8601_micro": "2023-07-13T20:48:12.678158Z",
            "minute": "48",
            "month": "07",
            "second": "12",
            "time": "20:48:12",
            "tz": "UTC",
            "tz_dst": "UTC",
            "tz_offset": "+0000",
            "weekday": "Thursday",
            "weekday_number": "4",
            "weeknumber": "28",
            "year": "2023"
        },
        "ansible_default_ipv4": {
            "address": "172.31.21.140",
            "alias": "eth0",
            "broadcast": "172.31.31.255",
            "gateway": "172.31.16.1",
            "interface": "eth0",
            "macaddress": "06:e0:99:45:38:1d",
            "mtu": 9001,
            "netmask": "255.255.240.0",
            "network": "172.31.16.0",
            "type": "ether"
        },
        "ansible_default_ipv6": {},
        "ansible_device_links": {
            "ids": {
                "nvme0n1": [
                    "nvme-Amazon_Elastic_Block_Store_vol0951b5b201f18cb69",
                    "nvme-Amazon_Elastic_Block_Store_vol0951b5b201f18cb69-ns-1",
                    "nvme-nvme.1d0f-766f6c3039353162356232303166313863623639-416d617a6f6e20456c617374696320426c6f636b2053746f7265-00000001"
                ],
                "nvme0n1p1": [
                    "nvme-Amazon_Elastic_Block_Store_vol0951b5b201f18cb69-ns-1-part1",
                    "nvme-Amazon_Elastic_Block_Store_vol0951b5b201f18cb69-part1",
                    "nvme-nvme.1d0f-766f6c3039353162356232303166313863623639-416d617a6f6e20456c617374696320426c6f636b2053746f7265-00000001-part1"
                ],
                "nvme0n1p128": [
                    "nvme-Amazon_Elastic_Block_Store_vol0951b5b201f18cb69-ns-1-part128",
                    "nvme-Amazon_Elastic_Block_Store_vol0951b5b201f18cb69-part128",
                    "nvme-nvme.1d0f-766f6c3039353162356232303166313863623639-416d617a6f6e20456c617374696320426c6f636b2053746f7265-00000001-part128"
                ]
            },
            "labels": {
                "nvme0n1p1": [
                    "\\x2f"
                ]
            },
            "masters": {},
            "uuids": {
                "nvme0n1p1": [
                    "40b6c2d6-8611-474a-954d-7197978e8bca"
                ]
            }
        },
        "ansible_devices": {
            "nvme0n1": {
                "holders": [],
                "host": "Non-Volatile memory controller: Amazon.com, Inc. Device 8061",
                "links": {
                    "ids": [
                        "nvme-Amazon_Elastic_Block_Store_vol0951b5b201f18cb69",
                        "nvme-Amazon_Elastic_Block_Store_vol0951b5b201f18cb69-ns-1",
                        "nvme-nvme.1d0f-766f6c3039353162356232303166313863623639-416d617a6f6e20456c617374696320426c6f636b2053746f7265-00000001"
                    ],
                    "labels": [],
                    "masters": [],
                    "uuids": []
                },
                "model": "Amazon Elastic Block Store",
                "partitions": {
                    "nvme0n1p1": {
                        "holders": [],
                        "links": {
                            "ids": [
                                "nvme-Amazon_Elastic_Block_Store_vol0951b5b201f18cb69-ns-1-part1",
                                "nvme-Amazon_Elastic_Block_Store_vol0951b5b201f18cb69-part1",
                                "nvme-nvme.1d0f-766f6c3039353162356232303166313863623639-416d617a6f6e20456c617374696320426c6f636b2053746f7265-00000001-part1"
                            ],
                            "labels": [
                                "\\x2f"
                            ],
                            "masters": [],
                            "uuids": [
                                "40b6c2d6-8611-474a-954d-7197978e8bca"
                            ]
                        },
                        "sectors": "16773087",
                        "sectorsize": 512,
                        "size": "8.00 GB",
                        "start": "4096",
                        "uuid": "40b6c2d6-8611-474a-954d-7197978e8bca"
                    },
                    "nvme0n1p128": {
                        "holders": [],
                        "links": {
                            "ids": [
                                "nvme-Amazon_Elastic_Block_Store_vol0951b5b201f18cb69-ns-1-part128",
                                "nvme-Amazon_Elastic_Block_Store_vol0951b5b201f18cb69-part128",
                                "nvme-nvme.1d0f-766f6c3039353162356232303166313863623639-416d617a6f6e20456c617374696320426c6f636b2053746f7265-00000001-part128"
                            ],
                            "labels": [],
                            "masters": [],
                            "uuids": []
                        },
                        "sectors": "2048",
                        "sectorsize": 512,
                        "size": "1.00 MB",
                        "start": "2048",
                        "uuid": null
                    }
                },
                "removable": "0",
                "rotational": "0",
                "sas_address": null,
                "sas_device_handle": null,
                "scheduler_mode": "none",
                "sectors": "16777216",
                "sectorsize": "512",
                "serial": "vol0951b5b201f18cb69",
                "size": "8.00 GB",
                "support_discard": "0",
                "vendor": null,
                "virtual": 1
            }
        },
        "ansible_distribution": "Amazon",
        "ansible_distribution_file_parsed": true,
        "ansible_distribution_file_path": "/etc/os-release",
        "ansible_distribution_file_variety": "Amazon",
        "ansible_distribution_major_version": "2",
        "ansible_distribution_minor_version": "NA",
        "ansible_distribution_release": "NA",
        "ansible_distribution_version": "2",
        "ansible_dns": {
            "nameservers": [
                "172.31.0.2"
            ],
            "options": {
                "attempts": "5",
                "timeout": "2"
            },
            "search": [
                "us-east-2.compute.internal"
            ]
        },
        "ansible_domain": "us-east-2.compute.internal",
        "ansible_effective_group_id": 1000,
        "ansible_effective_user_id": 1000,
        "ansible_env": {
            "HOME": "/home/ec2-user",
            "LANG": "en_US.UTF-8",
            "LESSOPEN": "||/usr/bin/lesspipe.sh %s",
            "LOGNAME": "ec2-user",
            "LS_COLORS": "rs=0:di=38;5;27:ln=38;5;51:mh=44;38;5;15:pi=40;38;5;11:so=38;5;13:do=38;5;5:bd=48;5;232;38;5;11:cd=48;5;232;38;5;3:or=48;5;232;38;5;9:mi=05;48;5;232;38;5;15:su=48;5;196;38;5;15:sg=48;5;11;38;5;16:ca=48;5;196;38;5;226:tw=48;5;10;38;5;16:ow=48;5;10;38;5;21:st=48;5;21;38;5;15:ex=38;5;34:*.tar=38;5;9:*.tgz=38;5;9:*.arc=38;5;9:*.arj=38;5;9:*.taz=38;5;9:*.lha=38;5;9:*.lz4=38;5;9:*.lzh=38;5;9:*.lzma=38;5;9:*.tlz=38;5;9:*.txz=38;5;9:*.tzo=38;5;9:*.t7z=38;5;9:*.zip=38;5;9:*.z=38;5;9:*.Z=38;5;9:*.dz=38;5;9:*.gz=38;5;9:*.lrz=38;5;9:*.lz=38;5;9:*.lzo=38;5;9:*.xz=38;5;9:*.bz2=38;5;9:*.bz=38;5;9:*.tbz=38;5;9:*.tbz2=38;5;9:*.tz=38;5;9:*.deb=38;5;9:*.rpm=38;5;9:*.jar=38;5;9:*.war=38;5;9:*.ear=38;5;9:*.sar=38;5;9:*.rar=38;5;9:*.alz=38;5;9:*.ace=38;5;9:*.zoo=38;5;9:*.cpio=38;5;9:*.7z=38;5;9:*.rz=38;5;9:*.cab=38;5;9:*.jpg=38;5;13:*.jpeg=38;5;13:*.gif=38;5;13:*.bmp=38;5;13:*.pbm=38;5;13:*.pgm=38;5;13:*.ppm=38;5;13:*.tga=38;5;13:*.xbm=38;5;13:*.xpm=38;5;13:*.tif=38;5;13:*.tiff=38;5;13:*.png=38;5;13:*.svg=38;5;13:*.svgz=38;5;13:*.mng=38;5;13:*.pcx=38;5;13:*.mov=38;5;13:*.mpg=38;5;13:*.mpeg=38;5;13:*.m2v=38;5;13:*.mkv=38;5;13:*.webm=38;5;13:*.ogm=38;5;13:*.mp4=38;5;13:*.m4v=38;5;13:*.mp4v=38;5;13:*.vob=38;5;13:*.qt=38;5;13:*.nuv=38;5;13:*.wmv=38;5;13:*.asf=38;5;13:*.rm=38;5;13:*.rmvb=38;5;13:*.flc=38;5;13:*.avi=38;5;13:*.fli=38;5;13:*.flv=38;5;13:*.gl=38;5;13:*.dl=38;5;13:*.xcf=38;5;13:*.xwd=38;5;13:*.yuv=38;5;13:*.cgm=38;5;13:*.emf=38;5;13:*.axv=38;5;13:*.anx=38;5;13:*.ogv=38;5;13:*.ogx=38;5;13:*.aac=38;5;45:*.au=38;5;45:*.flac=38;5;45:*.mid=38;5;45:*.midi=38;5;45:*.mka=38;5;45:*.mp3=38;5;45:*.mpc=38;5;45:*.ogg=38;5;45:*.ra=38;5;45:*.wav=38;5;45:*.axa=38;5;45:*.oga=38;5;45:*.spx=38;5;45:*.xspf=38;5;45:",
            "MAIL": "/var/mail/ec2-user",
            "PATH": "/usr/local/bin:/usr/bin",
            "PWD": "/home/ec2-user",
            "SHELL": "/bin/bash",
            "SHLVL": "2",
            "SSH_CLIENT": "18.191.133.18 33748 22",
            "SSH_CONNECTION": "18.191.133.18 33748 172.31.21.140 22",
            "SSH_TTY": "/dev/pts/1",
            "TERM": "xterm-256color",
            "USER": "ec2-user",
            "XDG_RUNTIME_DIR": "/run/user/1000",
            "XDG_SESSION_ID": "45",
            "_": "/usr/bin/python"
        },
        "ansible_eth0": {
            "active": true,
            "device": "eth0",
            "features": {
                "esp_hw_offload": "off [fixed]",
                "esp_tx_csum_hw_offload": "off [fixed]",
                "fcoe_mtu": "off [fixed]",
                "generic_receive_offload": "on",
                "generic_segmentation_offload": "on",
                "highdma": "on",
                "hw_tc_offload": "off [fixed]",
                "l2_fwd_offload": "off [fixed]",
                "large_receive_offload": "off [fixed]",
                "loopback": "off [fixed]",
                "netns_local": "off [fixed]",
                "ntuple_filters": "off [fixed]",
                "receive_hashing": "on",
                "rx_all": "off [fixed]",
                "rx_checksumming": "off [fixed]",
                "rx_fcs": "off [fixed]",
                "rx_udp_tunnel_port_offload": "off [fixed]",
                "rx_vlan_filter": "off [fixed]",
                "rx_vlan_offload": "off [fixed]",
                "rx_vlan_stag_filter": "off [fixed]",
                "rx_vlan_stag_hw_parse": "off [fixed]",
                "scatter_gather": "on",
                "tcp_segmentation_offload": "off",
                "tx_checksum_fcoe_crc": "off [fixed]",
                "tx_checksum_ip_generic": "off [fixed]",
                "tx_checksum_ipv4": "on",
                "tx_checksum_ipv6": "off [fixed]",
                "tx_checksum_sctp": "off [fixed]",
                "tx_checksumming": "on",
                "tx_esp_segmentation": "off [fixed]",
                "tx_fcoe_segmentation": "off [fixed]",
                "tx_gre_csum_segmentation": "off [fixed]",
                "tx_gre_segmentation": "off [fixed]",
                "tx_gso_partial": "off [fixed]",
                "tx_gso_robust": "off [fixed]",
                "tx_ipxip4_segmentation": "off [fixed]",
                "tx_ipxip6_segmentation": "off [fixed]",
                "tx_lockless": "off [fixed]",
                "tx_nocache_copy": "off",
                "tx_scatter_gather": "on",
                "tx_scatter_gather_fraglist": "off [fixed]",
                "tx_sctp_segmentation": "off [fixed]",
                "tx_tcp6_segmentation": "off [fixed]",
                "tx_tcp_ecn_segmentation": "off [fixed]",
                "tx_tcp_mangleid_segmentation": "off [fixed]",
                "tx_tcp_segmentation": "off [fixed]",
                "tx_udp_tnl_csum_segmentation": "off [fixed]",
                "tx_udp_tnl_segmentation": "off [fixed]",
                "tx_vlan_offload": "off [fixed]",
                "tx_vlan_stag_hw_insert": "off [fixed]",
                "udp_fragmentation_offload": "off",
                "vlan_challenged": "off [fixed]"
            },
            "hw_timestamp_filters": [],
            "ipv4": {
                "address": "172.31.21.140",
                "broadcast": "172.31.31.255",
                "netmask": "255.255.240.0",
                "network": "172.31.16.0"
            },
            "ipv6": [
                {
                    "address": "fe80::4e0:99ff:fe45:381d",
                    "prefix": "64",
                    "scope": "link"
                }
            ],
            "macaddress": "06:e0:99:45:38:1d",
            "module": "ena",
            "mtu": 9001,
            "pciid": "0000:00:05.0",
            "promisc": false,
            "timestamping": [
                "tx_software",
                "rx_software",
                "software"
            ],
            "type": "ether"
        },
        "ansible_fibre_channel_wwn": [],
        "ansible_fips": false,
        "ansible_form_factor": "Other",
        "ansible_fqdn": "ip-172-31-21-140.us-east-2.compute.internal",
        "ansible_hostname": "ip-172-31-21-140",
        "ansible_hostnqn": "",
        "ansible_interfaces": [
            "lo",
            "eth0"
        ],
        "ansible_is_chroot": true,
        "ansible_iscsi_iqn": "",
        "ansible_kernel": "4.14.318-241.531.amzn2.x86_64",
        "ansible_kernel_version": "#1 SMP Tue Jun 27 21:49:00 UTC 2023",
        "ansible_lo": {
            "active": true,
            "device": "lo",
            "features": {
                "esp_hw_offload": "off [fixed]",
                "esp_tx_csum_hw_offload": "off [fixed]",
                "fcoe_mtu": "off [fixed]",
                "generic_receive_offload": "on",
                "generic_segmentation_offload": "on",
                "highdma": "on [fixed]",
                "hw_tc_offload": "off [fixed]",
                "l2_fwd_offload": "off [fixed]",
                "large_receive_offload": "off [fixed]",
                "loopback": "on [fixed]",
                "netns_local": "on [fixed]",
                "ntuple_filters": "off [fixed]",
                "receive_hashing": "off [fixed]",
                "rx_all": "off [fixed]",
                "rx_checksumming": "on [fixed]",
                "rx_fcs": "off [fixed]",
                "rx_udp_tunnel_port_offload": "off [fixed]",
                "rx_vlan_filter": "off [fixed]",
                "rx_vlan_offload": "off [fixed]",
                "rx_vlan_stag_filter": "off [fixed]",
                "rx_vlan_stag_hw_parse": "off [fixed]",
                "scatter_gather": "on",
                "tcp_segmentation_offload": "on",
                "tx_checksum_fcoe_crc": "off [fixed]",
                "tx_checksum_ip_generic": "on [fixed]",
                "tx_checksum_ipv4": "off [fixed]",
                "tx_checksum_ipv6": "off [fixed]",
                "tx_checksum_sctp": "on [fixed]",
                "tx_checksumming": "on",
                "tx_esp_segmentation": "off [fixed]",
                "tx_fcoe_segmentation": "off [fixed]",
                "tx_gre_csum_segmentation": "off [fixed]",
                "tx_gre_segmentation": "off [fixed]",
                "tx_gso_partial": "off [fixed]",
                "tx_gso_robust": "off [fixed]",
                "tx_ipxip4_segmentation": "off [fixed]",
                "tx_ipxip6_segmentation": "off [fixed]",
                "tx_lockless": "on [fixed]",
                "tx_nocache_copy": "off [fixed]",
                "tx_scatter_gather": "on [fixed]",
                "tx_scatter_gather_fraglist": "on [fixed]",
                "tx_sctp_segmentation": "on",
                "tx_tcp6_segmentation": "on",
                "tx_tcp_ecn_segmentation": "on",
                "tx_tcp_mangleid_segmentation": "on",
                "tx_tcp_segmentation": "on",
                "tx_udp_tnl_csum_segmentation": "off [fixed]",
                "tx_udp_tnl_segmentation": "off [fixed]",
                "tx_vlan_offload": "off [fixed]",
                "tx_vlan_stag_hw_insert": "off [fixed]",
                "udp_fragmentation_offload": "off",
                "vlan_challenged": "on [fixed]"
            },
            "hw_timestamp_filters": [],
            "ipv4": {
                "address": "127.0.0.1",
                "broadcast": "",
                "netmask": "255.0.0.0",
                "network": "127.0.0.0"
            },
            "ipv6": [
                {
                    "address": "::1",
                    "prefix": "128",
                    "scope": "host"
                }
            ],
            "mtu": 65536,
            "promisc": false,
            "timestamping": [
                "tx_software",
                "rx_software",
                "software"
            ],
            "type": "loopback"
        },
        "ansible_local": {},
        "ansible_lsb": {},
        "ansible_machine": "x86_64",
        "ansible_machine_id": "ec2888020c155cfc9a88bd143af90597",
        "ansible_memfree_mb": 1631,
        "ansible_memory_mb": {
            "nocache": {
                "free": 1806,
                "used": 136
            },
            "real": {
                "free": 1631,
                "total": 1942,
                "used": 311
            },
            "swap": {
                "cached": 0,
                "free": 0,
                "total": 0,
                "used": 0
            }
        },
        "ansible_memtotal_mb": 1942,
        "ansible_mounts": [
            {
                "block_available": 1692457,
                "block_size": 4096,
                "block_total": 2094075,
                "block_used": 401618,
                "device": "/dev/nvme0n1p1",
                "fstype": "xfs",
                "inode_available": 4145052,
                "inode_total": 4193216,
                "inode_used": 48164,
                "mount": "/",
                "options": "rw,noatime,attr2,inode64,noquota",
                "size_available": 6932303872,
                "size_total": 8577331200,
                "uuid": "40b6c2d6-8611-474a-954d-7197978e8bca"
            }
        ],
        "ansible_nodename": "ip-172-31-21-140.us-east-2.compute.internal",
        "ansible_os_family": "RedHat",
        "ansible_pkg_mgr": "yum",
        "ansible_proc_cmdline": {
            "BOOT_IMAGE": "/boot/vmlinuz-4.14.318-241.531.amzn2.x86_64",
            "biosdevname": "0",
            "console": [
                "tty0",
                "ttyS0,115200n8"
            ],
            "net.ifnames": "0",
            "nvme_core.io_timeout": "4294967295",
            "rd.emergency": "poweroff",
            "rd.shell": "0",
            "ro": true,
            "root": "UUID=40b6c2d6-8611-474a-954d-7197978e8bca"
        },
        "ansible_processor": [
            "0",
            "GenuineIntel",
            "Intel(R) Xeon(R) Platinum 8259CL CPU @ 2.50GHz",
            "1",
            "GenuineIntel",
            "Intel(R) Xeon(R) Platinum 8259CL CPU @ 2.50GHz"
        ],
        "ansible_processor_cores": 1,
        "ansible_processor_count": 1,
        "ansible_processor_nproc": 2,
        "ansible_processor_threads_per_core": 2,
        "ansible_processor_vcpus": 2,
        "ansible_product_name": "t3.small",
        "ansible_product_serial": "NA",
        "ansible_product_uuid": "NA",
        "ansible_product_version": "NA",
        "ansible_python": {
            "executable": "/usr/bin/python",
            "has_sslcontext": true,
            "type": "CPython",
            "version": {
                "major": 2,
                "micro": 18,
                "minor": 7,
                "releaselevel": "final",
                "serial": 0
            },
            "version_info": [
                2,
                7,
                18,
                "final",
                0
            ]
        },
        "ansible_python_version": "2.7.18",
        "ansible_real_group_id": 1000,
        "ansible_real_user_id": 1000,
        "ansible_selinux": {
            "status": "disabled"
        },
        "ansible_selinux_python_present": true,
        "ansible_service_mgr": "systemd",
        "ansible_ssh_host_key_ecdsa_public": "AAAAE2VjZHNhLXNoYTItbmlzdHAyNTYAAAAIbmlzdHAyNTYAAABBBMUAIkflc/Js9IN9cVEFp7CQJ3t2rmrpyzztNjVOO7Yd2wczYdJsX7zv0dPMI0oUnFuVLi4HQRrnBycOuHZt9a0=",
        "ansible_ssh_host_key_ecdsa_public_keytype": "ecdsa-sha2-nistp256",
        "ansible_ssh_host_key_ed25519_public": "AAAAC3NzaC1lZDI1NTE5AAAAIPHJD3oskaOj1VPZWYKucceDwVQXYVLYG2kW6jHudInB",
        "ansible_ssh_host_key_ed25519_public_keytype": "ssh-ed25519",
        "ansible_ssh_host_key_rsa_public": "AAAAB3NzaC1yc2EAAAADAQABAAABAQC5EhnvjIA0QsdBzIiq6H4JPo/8KqIv3KBM5F1g29wg5glwkIxmzXMItuV6rmFvj8+yrGjMztPXN5OP4jYNT6gebF0wG4JQa2FOFYJXR/aS4sa0pE1QyUJufGvda32qhN6BP5WtQI/TNtrOAxfggONemwowAnCLthNThZI5EMgMXSnw/KcaIPDMWKD5uBXgyUWwU2OuSYpND2LGYvvqINr9q1W4cQcyXBqd6Of8QjkXq5pZY+X5daGslOg3ZYqVqouJgFGCbA92IDH6wHCM1KWfAaWJgPUD3ujmzPNlHfXoISFdjac9bNUxWszLrkauvGkV3a7MziGuPyb4TLYRc0LZ",
        "ansible_ssh_host_key_rsa_public_keytype": "ssh-rsa",
        "ansible_swapfree_mb": 0,
        "ansible_swaptotal_mb": 0,
        "ansible_system": "Linux",
        "ansible_system_capabilities": [
            ""
        ],
        "ansible_system_capabilities_enforced": "True",
        "ansible_system_vendor": "Amazon EC2",
        "ansible_uptime_seconds": 18008,
        "ansible_user_dir": "/home/ec2-user",
        "ansible_user_gecos": "EC2 Default User",
        "ansible_user_gid": 1000,
        "ansible_user_id": "ec2-user",
        "ansible_user_shell": "/bin/bash",
        "ansible_user_uid": 1000,
        "ansible_userspace_architecture": "x86_64",
        "ansible_userspace_bits": "64",
        "ansible_virtualization_role": "guest",
        "ansible_virtualization_tech_guest": [
            "kvm"
        ],
        "ansible_virtualization_tech_host": [],
        "ansible_virtualization_type": "kvm",
        "discovered_interpreter_python": "/usr/bin/python",
        "gather_subset": [
            "all"
        ],
        "module_setup": true
    },
    "changed": false
}
2023-07-13 20:56:52,839 p=4738 u=ec2-user n=ansible | PLAY [devserver] ******************************************************************************************************
2023-07-13 20:56:52,852 p=4738 u=ec2-user n=ansible | TASK [Gathering Facts] ************************************************************************************************
2023-07-13 20:56:54,785 p=4738 u=ec2-user n=ansible | ok: [3.136.83.181]
2023-07-13 20:56:54,826 p=4738 u=ec2-user n=ansible | TASK [Creating user] **************************************************************************************************
2023-07-13 20:56:54,858 p=4738 u=ec2-user n=ansible | skipping: [3.136.83.181]
2023-07-13 20:56:54,901 p=4738 u=ec2-user n=ansible | PLAY RECAP ************************************************************************************************************
2023-07-13 20:56:54,901 p=4738 u=ec2-user n=ansible | 3.136.83.181               : ok=1    changed=0    unreachable=0    failed=0    skipped=1    rescued=0    ignored=0   
2023-07-13 21:13:44,400 p=4824 u=ec2-user n=ansible | playbook: play.yml
2023-07-13 21:14:11,663 p=4830 u=ec2-user n=ansible | PLAY [devserver] *******************************************************************************************************
2023-07-13 21:14:11,677 p=4830 u=ec2-user n=ansible | TASK [Gathering Facts] *************************************************************************************************
2023-07-13 21:14:13,650 p=4830 u=ec2-user n=ansible | ok: [3.136.83.181]
2023-07-13 21:14:13,673 p=4830 u=ec2-user n=ansible | TASK [Creating user] ***************************************************************************************************
2023-07-13 21:14:14,465 p=4830 u=ec2-user n=ansible | ok: [3.136.83.181]
2023-07-13 21:14:14,477 p=4830 u=ec2-user n=ansible | TASK [create file] *****************************************************************************************************
2023-07-13 21:14:14,895 p=4830 u=ec2-user n=ansible | changed: [3.136.83.181]
2023-07-13 21:14:14,906 p=4830 u=ec2-user n=ansible | TASK [Create directory] ************************************************************************************************
2023-07-13 21:14:15,197 p=4830 u=ec2-user n=ansible | changed: [3.136.83.181]
2023-07-13 21:14:15,209 p=4830 u=ec2-user n=ansible | TASK [install apache] **************************************************************************************************
2023-07-13 21:14:27,302 p=4830 u=ec2-user n=ansible | changed: [3.136.83.181]
2023-07-13 21:14:27,331 p=4830 u=ec2-user n=ansible | TASK [install finger] **************************************************************************************************
2023-07-13 21:14:34,271 p=4830 u=ec2-user n=ansible | changed: [3.136.83.181]
2023-07-13 21:14:34,325 p=4830 u=ec2-user n=ansible | PLAY RECAP *************************************************************************************************************
2023-07-13 21:14:34,326 p=4830 u=ec2-user n=ansible | 3.136.83.181               : ok=6    changed=4    unreachable=0    failed=0    skipped=0    rescued=0    ignored=0   
2023-07-13 21:35:22,558 p=4987 u=ec2-user n=ansible | ERROR! 'pkg_name' is not a valid attribute for a Play

The error appears to be in '/home/ec2-user/play.yml': line 3, column 4, but may
be elsewhere in the file depending on the exact syntax problem.

The offending line appears to be:


 - hosts: devserver
   ^ here

2023-07-13 21:38:05,186 p=4999 u=ec2-user n=ansible | ERROR! We were unable to read either as JSON nor YAML, these are the errors we got from each:
JSON: Expecting value: line 1 column 1 (char 0)

Syntax Error while loading YAML.
  did not find expected '-' indicator

The error appears to be in '/home/ec2-user/play.yml': line 6, column 2, but may
be elsewhere in the file depending on the exact syntax problem.

The offending line appears to be:

   ignore_errors: yes
 vars:
 ^ here

2023-07-13 21:41:44,171 p=5015 u=ec2-user n=ansible | ERROR! We were unable to read either as JSON nor YAML, these are the errors we got from each:
JSON: Expecting value: line 1 column 1 (char 0)

Syntax Error while loading YAML.
  did not find expected '-' indicator

The error appears to be in '/home/ec2-user/play.yml': line 5, column 2, but may
be elsewhere in the file depending on the exact syntax problem.

The offending line appears to be:

   become: yes
 ignore_errors: yes
 ^ here

2023-07-13 21:42:43,625 p=5021 u=ec2-user n=ansible | ERROR! We were unable to read either as JSON nor YAML, these are the errors we got from each:
JSON: Expecting value: line 1 column 1 (char 0)

Syntax Error while loading YAML.
  did not find expected '-' indicator

The error appears to be in '/home/ec2-user/play.yml': line 4, column 2, but may
be elsewhere in the file depending on the exact syntax problem.

The offending line appears to be:

 - hosts: devserver
 become: yes
 ^ here

2023-07-13 21:45:07,717 p=5028 u=ec2-user n=ansible | ERROR! We were unable to read either as JSON nor YAML, these are the errors we got from each:
JSON: Expecting value: line 1 column 1 (char 0)

Syntax Error while loading YAML.
  did not find expected <document start>

The error appears to be in '/home/ec2-user/play.yml': line 8, column 2, but may
be elsewhere in the file depending on the exact syntax problem.

The offending line appears to be:

    username: serge
 tasks:
 ^ here

2023-07-13 21:50:47,044 p=5048 u=ec2-user n=ansible | ERROR! We were unable to read either as JSON nor YAML, these are the errors we got from each:
JSON: Expecting value: line 1 column 1 (char 0)

Syntax Error while loading YAML.
  did not find expected '-' indicator

The error appears to be in '/home/ec2-user/play.yml': line 8, column 2, but may
be elsewhere in the file depending on the exact syntax problem.

The offending line appears to be:

    username: serge
 tasks:
 ^ here

2023-07-13 21:53:44,857 p=5107 u=ec2-user n=ansible | ERROR! We were unable to read either as JSON nor YAML, these are the errors we got from each:
JSON: Expecting value: line 1 column 1 (char 0)

Syntax Error while loading YAML.
  did not find expected '-' indicator

The error appears to be in '/home/ec2-user/play.yml': line 8, column 2, but may
be elsewhere in the file depending on the exact syntax problem.

The offending line appears to be:

    username: serge
 tasks:
 ^ here

2023-07-13 21:58:02,189 p=5117 u=ec2-user n=ansible | [WARNING]: While constructing a mapping from /home/ec2-user/play.yml, line 9, column 7, found a duplicate dict key
(name). Using last defined value only.

2023-07-13 21:58:02,194 p=5117 u=ec2-user n=ansible | ERROR! conflicting action statements: user, comment

The error appears to be in '/home/ec2-user/play.yml': line 9, column 7, but may
be elsewhere in the file depending on the exact syntax problem.

The offending line appears to be:

  tasks:
    - name: Creating user
      ^ here

2023-07-13 22:01:22,533 p=5147 u=ec2-user n=ansible | playbook: play.yml
2023-07-13 22:01:37,940 p=5152 u=ec2-user n=ansible | PLAY [devserver] *******************************************************************************************************
2023-07-13 22:01:37,954 p=5152 u=ec2-user n=ansible | TASK [Gathering Facts] *************************************************************************************************
2023-07-13 22:01:40,014 p=5152 u=ec2-user n=ansible | ok: [3.136.83.181]
2023-07-13 22:01:40,038 p=5152 u=ec2-user n=ansible | TASK [Creating user] ***************************************************************************************************
2023-07-13 22:01:40,624 p=5152 u=ec2-user n=ansible | ok: [3.136.83.181]
2023-07-13 22:01:40,637 p=5152 u=ec2-user n=ansible | TASK [create file] *****************************************************************************************************
2023-07-13 22:01:41,112 p=5152 u=ec2-user n=ansible | changed: [3.136.83.181]
2023-07-13 22:01:41,125 p=5152 u=ec2-user n=ansible | TASK [Create directory] ************************************************************************************************
2023-07-13 22:01:41,398 p=5152 u=ec2-user n=ansible | ok: [3.136.83.181]
2023-07-13 22:01:41,411 p=5152 u=ec2-user n=ansible | TASK [install apache] **************************************************************************************************
2023-07-13 22:01:42,613 p=5152 u=ec2-user n=ansible | ok: [3.136.83.181]
2023-07-13 22:01:42,637 p=5152 u=ec2-user n=ansible | PLAY RECAP *************************************************************************************************************
2023-07-13 22:01:42,637 p=5152 u=ec2-user n=ansible | 3.136.83.181               : ok=5    changed=1    unreachable=0    failed=0    skipped=0    rescued=0    ignored=0   
